Loading full analytics dashboard...
Data files:
  Weigh events: /Users/admin/lusaka-intergrated-solid-waste-management-company/analytics/extracted_weigh_events.csv (exists: True)
  Vehicles: /Users/admin/lusaka-intergrated-solid-waste-management-company/analytics/extracted_vehicles.csv (exists: True)
  Companies: /Users/admin/lusaka-intergrated-solid-waste-management-company/analytics/extracted_companies.csv (exists: True)
Loading datasets...
Reading weigh events from /Users/admin/lusaka-intergrated-solid-waste-management-company/analytics/extracted_weigh_events.csv
Loaded 84254 weigh event records
Reading vehicles from /Users/admin/lusaka-intergrated-solid-waste-management-company/analytics/extracted_vehicles.csv
Loaded 8073 vehicle records
Reading companies from /Users/admin/lusaka-intergrated-solid-waste-management-company/analytics/extracted_companies.csv
Loaded 3054 company records
Loaded data:
- 84254 weigh events
- 42127 entry events
- 42127 exit events
Created 29505 paired entry/exit records
Starting Full Analytics Dashboard...
Dashboard will be available at: http://localhost:5006/
Dash is running on http://0.0.0.0:5006/

 * Serving Flask app 'full_dashboard'
 * Debug mode: on
Loading full analytics dashboard...
Data files:
  Weigh events: /Users/admin/lusaka-intergrated-solid-waste-management-company/analytics/extracted_weigh_events.csv (exists: True)
  Vehicles: /Users/admin/lusaka-intergrated-solid-waste-management-company/analytics/extracted_vehicles.csv (exists: True)
  Companies: /Users/admin/lusaka-intergrated-solid-waste-management-company/analytics/extracted_companies.csv (exists: True)
Loading datasets...
Reading weigh events from /Users/admin/lusaka-intergrated-solid-waste-management-company/analytics/extracted_weigh_events.csv
Loaded 84254 weigh event records
Reading vehicles from /Users/admin/lusaka-intergrated-solid-waste-management-company/analytics/extracted_vehicles.csv
Loaded 8073 vehicle records
Reading companies from /Users/admin/lusaka-intergrated-solid-waste-management-company/analytics/extracted_companies.csv
Loaded 3054 company records
Loaded data:
- 84254 weigh events
- 42127 entry events
- 42127 exit events
Created 29505 paired entry/exit records
Starting Full Analytics Dashboard...
Dashboard will be available at: http://localhost:5006/
/Users/admin/lusaka-intergrated-solid-waste-management-company/analytics/full_dashboard.py:557: FutureWarning:

Passing literal json to 'read_json' is deprecated and will be removed in a future version. To read from a literal string, wrap it in a 'StringIO' object.

/Users/admin/lusaka-intergrated-solid-waste-management-company/analytics/full_dashboard.py:598: FutureWarning:

Passing literal json to 'read_json' is deprecated and will be removed in a future version. To read from a literal string, wrap it in a 'StringIO' object.

/Users/admin/lusaka-intergrated-solid-waste-management-company/analytics/full_dashboard.py:823: FutureWarning:

Passing literal json to 'read_json' is deprecated and will be removed in a future version. To read from a literal string, wrap it in a 'StringIO' object.

/Users/admin/lusaka-intergrated-solid-waste-management-company/analytics/full_dashboard.py:598: FutureWarning:

Passing literal json to 'read_json' is deprecated and will be removed in a future version. To read from a literal string, wrap it in a 'StringIO' object.

/Users/admin/lusaka-intergrated-solid-waste-management-company/analytics/full_dashboard.py:557: FutureWarning:

Passing literal json to 'read_json' is deprecated and will be removed in a future version. To read from a literal string, wrap it in a 'StringIO' object.

/Users/admin/lusaka-intergrated-solid-waste-management-company/analytics/full_dashboard.py:598: FutureWarning:

Passing literal json to 'read_json' is deprecated and will be removed in a future version. To read from a literal string, wrap it in a 'StringIO' object.

/Users/admin/lusaka-intergrated-solid-waste-management-company/analytics/full_dashboard.py:557: FutureWarning:

Passing literal json to 'read_json' is deprecated and will be removed in a future version. To read from a literal string, wrap it in a 'StringIO' object.

/Users/admin/lusaka-intergrated-solid-waste-management-company/analytics/full_dashboard.py:598: FutureWarning:

Passing literal json to 'read_json' is deprecated and will be removed in a future version. To read from a literal string, wrap it in a 'StringIO' object.

/Users/admin/lusaka-intergrated-solid-waste-management-company/analytics/full_dashboard.py:598: FutureWarning:

Passing literal json to 'read_json' is deprecated and will be removed in a future version. To read from a literal string, wrap it in a 'StringIO' object.

/Users/admin/lusaka-intergrated-solid-waste-management-company/analytics/full_dashboard.py:557: FutureWarning:

Passing literal json to 'read_json' is deprecated and will be removed in a future version. To read from a literal string, wrap it in a 'StringIO' object.

/Users/admin/lusaka-intergrated-solid-waste-management-company/analytics/full_dashboard.py:557: FutureWarning:

Passing literal json to 'read_json' is deprecated and will be removed in a future version. To read from a literal string, wrap it in a 'StringIO' object.

/Users/admin/lusaka-intergrated-solid-waste-management-company/analytics/full_dashboard.py:598: FutureWarning:

Passing literal json to 'read_json' is deprecated and will be removed in a future version. To read from a literal string, wrap it in a 'StringIO' object.

/Users/admin/lusaka-intergrated-solid-waste-management-company/analytics/full_dashboard.py:557: FutureWarning:

Passing literal json to 'read_json' is deprecated and will be removed in a future version. To read from a literal string, wrap it in a 'StringIO' object.

/Users/admin/lusaka-intergrated-solid-waste-management-company/analytics/full_dashboard.py:598: FutureWarning:

Passing literal json to 'read_json' is deprecated and will be removed in a future version. To read from a literal string, wrap it in a 'StringIO' object.

/Users/admin/lusaka-intergrated-solid-waste-management-company/analytics/full_dashboard.py:557: FutureWarning:

Passing literal json to 'read_json' is deprecated and will be removed in a future version. To read from a literal string, wrap it in a 'StringIO' object.

/Users/admin/lusaka-intergrated-solid-waste-management-company/analytics/full_dashboard.py:598: FutureWarning:

Passing literal json to 'read_json' is deprecated and will be removed in a future version. To read from a literal string, wrap it in a 'StringIO' object.

/Users/admin/lusaka-intergrated-solid-waste-management-company/analytics/full_dashboard.py:557: FutureWarning:

Passing literal json to 'read_json' is deprecated and will be removed in a future version. To read from a literal string, wrap it in a 'StringIO' object.

/Users/admin/lusaka-intergrated-solid-waste-management-company/analytics/full_dashboard.py:598: FutureWarning:

Passing literal json to 'read_json' is deprecated and will be removed in a future version. To read from a literal string, wrap it in a 'StringIO' object.

/Users/admin/lusaka-intergrated-solid-waste-management-company/analytics/full_dashboard.py:823: FutureWarning:

Passing literal json to 'read_json' is deprecated and will be removed in a future version. To read from a literal string, wrap it in a 'StringIO' object.

/Users/admin/lusaka-intergrated-solid-waste-management-company/analytics/full_dashboard.py:557: FutureWarning:

Passing literal json to 'read_json' is deprecated and will be removed in a future version. To read from a literal string, wrap it in a 'StringIO' object.

/Users/admin/lusaka-intergrated-solid-waste-management-company/analytics/full_dashboard.py:823: FutureWarning:

Passing literal json to 'read_json' is deprecated and will be removed in a future version. To read from a literal string, wrap it in a 'StringIO' object.

/Users/admin/lusaka-intergrated-solid-waste-management-company/analytics/full_dashboard.py:598: FutureWarning:

Passing literal json to 'read_json' is deprecated and will be removed in a future version. To read from a literal string, wrap it in a 'StringIO' object.

/Users/admin/lusaka-intergrated-solid-waste-management-company/analytics/full_dashboard.py:823: FutureWarning:

Passing literal json to 'read_json' is deprecated and will be removed in a future version. To read from a literal string, wrap it in a 'StringIO' object.

/Users/admin/lusaka-intergrated-solid-waste-management-company/analytics/full_dashboard.py:1060: FutureWarning:

Passing literal json to 'read_json' is deprecated and will be removed in a future version. To read from a literal string, wrap it in a 'StringIO' object.

/Users/admin/lusaka-intergrated-solid-waste-management-company/analytics/full_dashboard.py:557: FutureWarning:

Passing literal json to 'read_json' is deprecated and will be removed in a future version. To read from a literal string, wrap it in a 'StringIO' object.

/Users/admin/lusaka-intergrated-solid-waste-management-company/analytics/full_dashboard.py:598: FutureWarning:

Passing literal json to 'read_json' is deprecated and will be removed in a future version. To read from a literal string, wrap it in a 'StringIO' object.

/Users/admin/lusaka-intergrated-solid-waste-management-company/analytics/full_dashboard.py:557: FutureWarning:

Passing literal json to 'read_json' is deprecated and will be removed in a future version. To read from a literal string, wrap it in a 'StringIO' object.

/Users/admin/lusaka-intergrated-solid-waste-management-company/analytics/full_dashboard.py:598: FutureWarning:

Passing literal json to 'read_json' is deprecated and will be removed in a future version. To read from a literal string, wrap it in a 'StringIO' object.

/Users/admin/lusaka-intergrated-solid-waste-management-company/analytics/full_dashboard.py:557: FutureWarning:

Passing literal json to 'read_json' is deprecated and will be removed in a future version. To read from a literal string, wrap it in a 'StringIO' object.

/Users/admin/lusaka-intergrated-solid-waste-management-company/analytics/full_dashboard.py:598: FutureWarning:

Passing literal json to 'read_json' is deprecated and will be removed in a future version. To read from a literal string, wrap it in a 'StringIO' object.

/Users/admin/lusaka-intergrated-solid-waste-management-company/analytics/full_dashboard.py:823: FutureWarning:

Passing literal json to 'read_json' is deprecated and will be removed in a future version. To read from a literal string, wrap it in a 'StringIO' object.

/Users/admin/lusaka-intergrated-solid-waste-management-company/analytics/full_dashboard.py:1060: FutureWarning:

Passing literal json to 'read_json' is deprecated and will be removed in a future version. To read from a literal string, wrap it in a 'StringIO' object.

/Users/admin/lusaka-intergrated-solid-waste-management-company/analytics/full_dashboard.py:557: FutureWarning:

Passing literal json to 'read_json' is deprecated and will be removed in a future version. To read from a literal string, wrap it in a 'StringIO' object.

/Users/admin/lusaka-intergrated-solid-waste-management-company/analytics/full_dashboard.py:1060: FutureWarning:

Passing literal json to 'read_json' is deprecated and will be removed in a future version. To read from a literal string, wrap it in a 'StringIO' object.

/Users/admin/lusaka-intergrated-solid-waste-management-company/analytics/full_dashboard.py:823: FutureWarning:

Passing literal json to 'read_json' is deprecated and will be removed in a future version. To read from a literal string, wrap it in a 'StringIO' object.

/Users/admin/lusaka-intergrated-solid-waste-management-company/analytics/full_dashboard.py:557: FutureWarning:

Passing literal json to 'read_json' is deprecated and will be removed in a future version. To read from a literal string, wrap it in a 'StringIO' object.

/Users/admin/lusaka-intergrated-solid-waste-management-company/analytics/full_dashboard.py:823: FutureWarning:

Passing literal json to 'read_json' is deprecated and will be removed in a future version. To read from a literal string, wrap it in a 'StringIO' object.

/Users/admin/lusaka-intergrated-solid-waste-management-company/analytics/full_dashboard.py:557: FutureWarning:

Passing literal json to 'read_json' is deprecated and will be removed in a future version. To read from a literal string, wrap it in a 'StringIO' object.

/Users/admin/lusaka-intergrated-solid-waste-management-company/analytics/full_dashboard.py:823: FutureWarning:

Passing literal json to 'read_json' is deprecated and will be removed in a future version. To read from a literal string, wrap it in a 'StringIO' object.

/Users/admin/lusaka-intergrated-solid-waste-management-company/analytics/full_dashboard.py:557: FutureWarning:

Passing literal json to 'read_json' is deprecated and will be removed in a future version. To read from a literal string, wrap it in a 'StringIO' object.

/Users/admin/lusaka-intergrated-solid-waste-management-company/analytics/full_dashboard.py:823: FutureWarning:

Passing literal json to 'read_json' is deprecated and will be removed in a future version. To read from a literal string, wrap it in a 'StringIO' object.

/Users/admin/lusaka-intergrated-solid-waste-management-company/analytics/full_dashboard.py:557: FutureWarning:

Passing literal json to 'read_json' is deprecated and will be removed in a future version. To read from a literal string, wrap it in a 'StringIO' object.

/Users/admin/lusaka-intergrated-solid-waste-management-company/analytics/full_dashboard.py:823: FutureWarning:

Passing literal json to 'read_json' is deprecated and will be removed in a future version. To read from a literal string, wrap it in a 'StringIO' object.

Loading full analytics dashboard...
Data files:
  Weigh events: /Users/admin/lusaka-intergrated-solid-waste-management-company/analytics/extracted_weigh_events.csv (exists: True)
  Vehicles: /Users/admin/lusaka-intergrated-solid-waste-management-company/analytics/extracted_vehicles.csv (exists: True)
  Companies: /Users/admin/lusaka-intergrated-solid-waste-management-company/analytics/extracted_companies.csv (exists: True)
Loading datasets...
Reading weigh events from /Users/admin/lusaka-intergrated-solid-waste-management-company/analytics/extracted_weigh_events.csv
Loaded 84254 weigh event records
Reading vehicles from /Users/admin/lusaka-intergrated-solid-waste-management-company/analytics/extracted_vehicles.csv
Loaded 8073 vehicle records
Reading companies from /Users/admin/lusaka-intergrated-solid-waste-management-company/analytics/extracted_companies.csv
Loaded 3054 company records
Loaded data:
- 84254 weigh events
- 42127 entry events
- 42127 exit events
Created 29505 paired entry/exit records
Starting Full Analytics Dashboard...
Dashboard will be available at: http://localhost:5006/
/Users/admin/lusaka-intergrated-solid-waste-management-company/analytics/full_dashboard.py:557: FutureWarning:

Passing literal json to 'read_json' is deprecated and will be removed in a future version. To read from a literal string, wrap it in a 'StringIO' object.

/Users/admin/lusaka-intergrated-solid-waste-management-company/analytics/full_dashboard.py:598: FutureWarning:

Passing literal json to 'read_json' is deprecated and will be removed in a future version. To read from a literal string, wrap it in a 'StringIO' object.

/Users/admin/lusaka-intergrated-solid-waste-management-company/analytics/full_dashboard.py:557: FutureWarning:

Passing literal json to 'read_json' is deprecated and will be removed in a future version. To read from a literal string, wrap it in a 'StringIO' object.

/Users/admin/lusaka-intergrated-solid-waste-management-company/analytics/full_dashboard.py:598: FutureWarning:

Passing literal json to 'read_json' is deprecated and will be removed in a future version. To read from a literal string, wrap it in a 'StringIO' object.

/Users/admin/lusaka-intergrated-solid-waste-management-company/analytics/full_dashboard.py:823: FutureWarning:

Passing literal json to 'read_json' is deprecated and will be removed in a future version. To read from a literal string, wrap it in a 'StringIO' object.

/Users/admin/lusaka-intergrated-solid-waste-management-company/analytics/full_dashboard.py:598: FutureWarning:

Passing literal json to 'read_json' is deprecated and will be removed in a future version. To read from a literal string, wrap it in a 'StringIO' object.

/Users/admin/lusaka-intergrated-solid-waste-management-company/analytics/full_dashboard.py:823: FutureWarning:

Passing literal json to 'read_json' is deprecated and will be removed in a future version. To read from a literal string, wrap it in a 'StringIO' object.

/Users/admin/lusaka-intergrated-solid-waste-management-company/analytics/full_dashboard.py:598: FutureWarning:

Passing literal json to 'read_json' is deprecated and will be removed in a future version. To read from a literal string, wrap it in a 'StringIO' object.

/Users/admin/lusaka-intergrated-solid-waste-management-company/analytics/full_dashboard.py:557: FutureWarning:

Passing literal json to 'read_json' is deprecated and will be removed in a future version. To read from a literal string, wrap it in a 'StringIO' object.

/Users/admin/lusaka-intergrated-solid-waste-management-company/analytics/full_dashboard.py:598: FutureWarning:

Passing literal json to 'read_json' is deprecated and will be removed in a future version. To read from a literal string, wrap it in a 'StringIO' object.

/Users/admin/lusaka-intergrated-solid-waste-management-company/analytics/full_dashboard.py:557: FutureWarning:

Passing literal json to 'read_json' is deprecated and will be removed in a future version. To read from a literal string, wrap it in a 'StringIO' object.

/Users/admin/lusaka-intergrated-solid-waste-management-company/analytics/full_dashboard.py:598: FutureWarning:

Passing literal json to 'read_json' is deprecated and will be removed in a future version. To read from a literal string, wrap it in a 'StringIO' object.

/Users/admin/lusaka-intergrated-solid-waste-management-company/analytics/full_dashboard.py:557: FutureWarning:

Passing literal json to 'read_json' is deprecated and will be removed in a future version. To read from a literal string, wrap it in a 'StringIO' object.

/Users/admin/lusaka-intergrated-solid-waste-management-company/analytics/full_dashboard.py:598: FutureWarning:

Passing literal json to 'read_json' is deprecated and will be removed in a future version. To read from a literal string, wrap it in a 'StringIO' object.

